<!DOCTYPE html PUBLIC "-//W3C//DTD XHTML 1.1//EN" "https://www.w3.org/TR/xhtml11/DTD/xhtml11.dtd">
<html xmlns="https://www.w3.org/1999/xhtml">
<head>
<meta http-equiv="content-type" content="text/html; charset=UTF-8"/>
<title>TestNG Report</title>
<style type="text/css">table {margin-bottom:10px;border-collapse:collapse;empty-cells:show}th,td {border:1px solid #009;padding:.25em .5em}th {vertical-align:bottom}td {vertical-align:top}table a {font-weight:bold}.stripe td {background-color: #E6EBF9}.num {text-align:right}.passedodd td {background-color: #3F3}.passedeven td {background-color: #0A0}.skippedodd td {background-color: #DDD}.skippedeven td {background-color: #CCC}.failedodd td,.attn {background-color: #F33}.failedeven td,.stripe .attn {background-color: #D00}.stacktrace {white-space:pre;font-family:monospace}.totop {font-size:85%;text-align:center;border-bottom:2px solid #000}.invisible {display:none}</style>
</head>
<body>
<table>
<tr><th>Test</th><th># Passed</th><th># Skipped</th><th># Retried</th><th># Failed</th><th>Time (ms)</th><th>Included Groups</th><th>Excluded Groups</th></tr>
<tr><th colspan="8">Selenium Java Automation Suite</th></tr>
<tr><td><a href="#t0">Sauce Demo Tests</a></td><td class="num">6</td><td class="num attn">1</td><td class="num">0</td><td class="num attn">1</td><td class="num">70,490</td><td></td><td></td></tr>
</table>
<table id='summary'><thead><tr><th>Class</th><th>Method</th><th>Start</th><th>Time (ms)</th></tr></thead><tbody><tr><th colspan="4">Selenium Java Automation Suite</th></tr></tbody><tbody id="t0"><tr><th colspan="4">Sauce Demo Tests &#8212; failed</th></tr><tr class="failedeven"><td rowspan="1">seleniumJava.qa.tests.LoginTest</td><td><a href="#m0">verifyLoginWithInvalidCredentials</a></td><td rowspan="1">1708579891759</td><td rowspan="1">2227</td></tr><tr><th colspan="4">Sauce Demo Tests &#8212; skipped</th></tr><tr class="skippedeven"><td rowspan="1">seleniumJava.qa.tests.LoginTest</td><td><a href="#m1">verifyLoginWithoutCredentials</a></td><td rowspan="1">1708579894222</td><td rowspan="1">1</td></tr><tr><th colspan="4">Sauce Demo Tests &#8212; passed</th></tr><tr class="passedeven"><td rowspan="1">seleniumJava.qa.tests.InventoryTest</td><td><a href="#m2">verifyInventoryDetails</a></td><td rowspan="1">1708579900874</td><td rowspan="1">2257</td></tr><tr class="passedodd"><td rowspan="3">seleniumJava.qa.tests.LoginTest</td><td><a href="#m3">verifyLoginWithValidCredentials</a></td><td rowspan="3">1708579864391</td><td rowspan="3">2317</td></tr><tr class="passedodd"><td><a href="#m4">verifyLoginWithValidCredentials</a></td></tr><tr class="passedodd"><td><a href="#m5">verifyLoginWithValidCredentials</a></td></tr><tr class="passedeven"><td rowspan="1">seleniumJava.qa.tests.ProductDetailsTest</td><td><a href="#m6">verifyProductDetails</a></td><td rowspan="1">1708579910130</td><td rowspan="1">6395</td></tr><tr class="passedodd"><td rowspan="1">seleniumJava.qa.tests.ShoppingCartTest</td><td><a href="#m7">verifyCartDetails</a></td><td rowspan="1">1708579923604</td><td rowspan="1">2346</td></tr></tbody>
</table>
<h2>Sauce Demo Tests</h2><h3 id="m0">seleniumJava.qa.tests.LoginTest#verifyLoginWithInvalidCredentials</h3><table class="result"><tr><th>Exception</th></tr><tr><td><div class="stacktrace">java.lang.AssertionError: FAILED: Invalid login error text is not matching!! expected [123Epic sadface: Username and password do not match any user in this service] but found [Epic sadface: Username and password do not match any user in this service]
	at seleniumJava.qa.tests.LoginTest.verifyLoginWithInvalidCredentials(LoginTest.java:62)
	at java.base/java.util.ArrayList.forEach(ArrayList.java:1511)
... Removed 36 stack frames</div></td></tr></table><p class="totop"><a href="#summary">back to summary</a></p>
<h3 id="m1">seleniumJava.qa.tests.LoginTest#verifyLoginWithoutCredentials</h3><table class="result"><tr><th>Exception</th></tr><tr><td><div class="stacktrace">java.lang.Throwable: Method seleniumJava.qa.tests.LoginTest.verifyLoginWithoutCredentials() on instance seleniumJava.qa.tests.LoginTest@188715b5 depends on not successfully finished methods 
[seleniumJava.qa.tests.LoginTest.verifyLoginWithInvalidCredentials() on instance seleniumJava.qa.tests.LoginTest@188715b5]
	at java.base/java.util.ArrayList.forEach(ArrayList.java:1511)
... Removed 22 stack frames</div></td></tr></table><p class="totop"><a href="#summary">back to summary</a></p>
<h3 id="m2">seleniumJava.qa.tests.InventoryTest#verifyInventoryDetails</h3><table class="result"><tr><th class="invisible"/></tr></table><p class="totop"><a href="#summary">back to summary</a></p>
<h3 id="m3">seleniumJava.qa.tests.LoginTest#verifyLoginWithValidCredentials</h3><table class="result"><tr class="param"><th>Parameter #1</th><th>Parameter #2</th></tr><tr class="param stripe"><td>standard_user</td><td>secret_sauce</td></tr></table><p class="totop"><a href="#summary">back to summary</a></p>
<h3 id="m4">seleniumJava.qa.tests.LoginTest#verifyLoginWithValidCredentials</h3><table class="result"><tr class="param"><th>Parameter #1</th><th>Parameter #2</th></tr><tr class="param stripe"><td>visual_user</td><td>secret_sauce</td></tr></table><p class="totop"><a href="#summary">back to summary</a></p>
<h3 id="m5">seleniumJava.qa.tests.LoginTest#verifyLoginWithValidCredentials</h3><table class="result"><tr class="param"><th>Parameter #1</th><th>Parameter #2</th></tr><tr class="param stripe"><td>problem_user</td><td>secret_sauce</td></tr></table><p class="totop"><a href="#summary">back to summary</a></p>
<h3 id="m6">seleniumJava.qa.tests.ProductDetailsTest#verifyProductDetails</h3><table class="result"><tr><th class="invisible"/></tr></table><p class="totop"><a href="#summary">back to summary</a></p>
<h3 id="m7">seleniumJava.qa.tests.ShoppingCartTest#verifyCartDetails</h3><table class="result"><tr><th class="invisible"/></tr></table><p class="totop"><a href="#summary">back to summary</a></p>
</body>
</html>
