<?xml version="1.0" encoding="UTF-8"?>
<testng-results ignored="0" total="8" passed="6" failed="1" skipped="1">
  <reporter-output>
  </reporter-output>
  <suite started-at="2024-02-22T11:00:55 IST" name="Selenium Java Automation Suite" finished-at="2024-02-22T11:02:06 IST" duration-ms="70490">
    <groups>
    </groups>
    <test started-at="2024-02-22T11:00:55 IST" name="Sauce Demo Tests" finished-at="2024-02-22T11:02:06 IST" duration-ms="70490">
      <class name="seleniumJava.qa.tests.InventoryTest">
        <test-method is-config="true" signature="setup()[pri:0, instance:seleniumJava.qa.tests.InventoryTest@5af3afd9]" started-at="2024-02-22T11:01:34 IST" name="setup" finished-at="2024-02-22T11:01:40 IST" duration-ms="6649" status="PASS">
          <reporter-output>
          </reporter-output>
        </test-method> <!-- setup -->
        <test-method signature="verifyInventoryDetails()[pri:0, instance:seleniumJava.qa.tests.InventoryTest@5af3afd9]" started-at="2024-02-22T11:01:40 IST" name="verifyInventoryDetails" finished-at="2024-02-22T11:01:43 IST" duration-ms="2257" status="PASS">
          <reporter-output>
          </reporter-output>
        </test-method> <!-- verifyInventoryDetails -->
        <test-method is-config="true" signature="tearDown()[pri:0, instance:seleniumJava.qa.tests.InventoryTest@5af3afd9]" started-at="2024-02-22T11:01:43 IST" name="tearDown" finished-at="2024-02-22T11:01:43 IST" duration-ms="115" status="PASS">
          <reporter-output>
          </reporter-output>
        </test-method> <!-- tearDown -->
      </class> <!-- seleniumJava.qa.tests.InventoryTest -->
      <class name="seleniumJava.qa.tests.LoginTest">
        <test-method is-config="true" signature="setup()[pri:0, instance:seleniumJava.qa.tests.LoginTest@188715b5]" started-at="2024-02-22T11:00:56 IST" name="setup" finished-at="2024-02-22T11:01:04 IST" duration-ms="8148" status="PASS">
          <reporter-output>
          </reporter-output>
        </test-method> <!-- setup -->
        <test-method signature="verifyLoginWithValidCredentials(java.lang.String,java.lang.String)[pri:1, instance:seleniumJava.qa.tests.LoginTest@188715b5]" started-at="2024-02-22T11:01:04 IST" name="verifyLoginWithValidCredentials" data-provider="validCredentialsSupplier" finished-at="2024-02-22T11:01:06 IST" duration-ms="2317" status="PASS">
          <params>
            <param index="0">
              <value>
                <![CDATA[standard_user]]>
              </value>
            </param>
            <param index="1">
              <value>
                <![CDATA[secret_sauce]]>
              </value>
            </param>
          </params>
          <reporter-output>
          </reporter-output>
        </test-method> <!-- verifyLoginWithValidCredentials -->
        <test-method is-config="true" signature="tearDown()[pri:0, instance:seleniumJava.qa.tests.LoginTest@188715b5]" started-at="2024-02-22T11:01:06 IST" name="tearDown" finished-at="2024-02-22T11:01:06 IST" duration-ms="121" status="PASS">
          <reporter-output>
          </reporter-output>
        </test-method> <!-- tearDown -->
        <test-method is-config="true" signature="setup()[pri:0, instance:seleniumJava.qa.tests.LoginTest@188715b5]" started-at="2024-02-22T11:01:06 IST" name="setup" finished-at="2024-02-22T11:01:13 IST" duration-ms="6650" status="PASS">
          <reporter-output>
          </reporter-output>
        </test-method> <!-- setup -->
        <test-method signature="verifyLoginWithValidCredentials(java.lang.String,java.lang.String)[pri:1, instance:seleniumJava.qa.tests.LoginTest@188715b5]" started-at="2024-02-22T11:01:13 IST" name="verifyLoginWithValidCredentials" data-provider="validCredentialsSupplier" finished-at="2024-02-22T11:01:15 IST" duration-ms="2231" status="PASS">
          <params>
            <param index="0">
              <value>
                <![CDATA[visual_user]]>
              </value>
            </param>
            <param index="1">
              <value>
                <![CDATA[secret_sauce]]>
              </value>
            </param>
          </params>
          <reporter-output>
          </reporter-output>
        </test-method> <!-- verifyLoginWithValidCredentials -->
        <test-method is-config="true" signature="tearDown()[pri:0, instance:seleniumJava.qa.tests.LoginTest@188715b5]" started-at="2024-02-22T11:01:15 IST" name="tearDown" finished-at="2024-02-22T11:01:15 IST" duration-ms="131" status="PASS">
          <reporter-output>
          </reporter-output>
        </test-method> <!-- tearDown -->
        <test-method is-config="true" signature="setup()[pri:0, instance:seleniumJava.qa.tests.LoginTest@188715b5]" started-at="2024-02-22T11:01:15 IST" name="setup" finished-at="2024-02-22T11:01:22 IST" duration-ms="6614" status="PASS">
          <reporter-output>
          </reporter-output>
        </test-method> <!-- setup -->
        <test-method signature="verifyLoginWithValidCredentials(java.lang.String,java.lang.String)[pri:1, instance:seleniumJava.qa.tests.LoginTest@188715b5]" started-at="2024-02-22T11:01:22 IST" name="verifyLoginWithValidCredentials" data-provider="validCredentialsSupplier" finished-at="2024-02-22T11:01:24 IST" duration-ms="2220" status="PASS">
          <params>
            <param index="0">
              <value>
                <![CDATA[problem_user]]>
              </value>
            </param>
            <param index="1">
              <value>
                <![CDATA[secret_sauce]]>
              </value>
            </param>
          </params>
          <reporter-output>
          </reporter-output>
        </test-method> <!-- verifyLoginWithValidCredentials -->
        <test-method is-config="true" signature="tearDown()[pri:0, instance:seleniumJava.qa.tests.LoginTest@188715b5]" started-at="2024-02-22T11:01:24 IST" name="tearDown" finished-at="2024-02-22T11:01:24 IST" duration-ms="133" status="PASS">
          <reporter-output>
          </reporter-output>
        </test-method> <!-- tearDown -->
        <test-method is-config="true" signature="setup()[pri:0, instance:seleniumJava.qa.tests.LoginTest@188715b5]" started-at="2024-02-22T11:01:24 IST" name="setup" finished-at="2024-02-22T11:01:31 IST" duration-ms="6947" status="PASS">
          <reporter-output>
          </reporter-output>
        </test-method> <!-- setup -->
        <test-method signature="verifyLoginWithInvalidCredentials()[pri:2, instance:seleniumJava.qa.tests.LoginTest@188715b5]" started-at="2024-02-22T11:01:31 IST" name="verifyLoginWithInvalidCredentials" finished-at="2024-02-22T11:01:33 IST" duration-ms="2227" status="FAIL">
          <exception class="java.lang.AssertionError">
            <message>
              <![CDATA[FAILED: Invalid login error text is not matching!! expected [123Epic sadface: Username and password do not match any user in this service] but found [Epic sadface: Username and password do not match any user in this service]]]>
            </message>
            <full-stacktrace>
              <![CDATA[java.lang.AssertionError: FAILED: Invalid login error text is not matching!! expected [123Epic sadface: Username and password do not match any user in this service] but found [Epic sadface: Username and password do not match any user in this service]
at org.testng.Assert.fail(Assert.java:111)
at org.testng.Assert.failNotEquals(Assert.java:1578)
at org.testng.Assert.assertEqualsImpl(Assert.java:150)
at org.testng.Assert.assertEquals(Assert.java:132)
at org.testng.Assert.assertEquals(Assert.java:656)
at seleniumJava.qa.tests.LoginTest.verifyLoginWithInvalidCredentials(LoginTest.java:62)
at java.base/jdk.internal.reflect.NativeMethodAccessorImpl.invoke0(Native Method)
at java.base/jdk.internal.reflect.NativeMethodAccessorImpl.invoke(NativeMethodAccessorImpl.java:77)
at java.base/jdk.internal.reflect.DelegatingMethodAccessorImpl.invoke(DelegatingMethodAccessorImpl.java:43)
at java.base/java.lang.reflect.Method.invoke(Method.java:568)
at org.testng.internal.invokers.MethodInvocationHelper.invokeMethod(MethodInvocationHelper.java:139)
at org.testng.internal.invokers.TestInvoker.invokeMethod(TestInvoker.java:664)
at org.testng.internal.invokers.TestInvoker.invokeTestMethod(TestInvoker.java:228)
at org.testng.internal.invokers.MethodRunner.runInSequence(MethodRunner.java:63)
at org.testng.internal.invokers.TestInvoker$MethodInvocationAgent.invoke(TestInvoker.java:961)
at org.testng.internal.invokers.TestInvoker.invokeTestMethods(TestInvoker.java:201)
at org.testng.internal.invokers.TestMethodWorker.invokeTestMethods(TestMethodWorker.java:148)
at org.testng.internal.invokers.TestMethodWorker.run(TestMethodWorker.java:128)
at java.base/java.util.ArrayList.forEach(ArrayList.java:1511)
at org.testng.TestRunner.privateRun(TestRunner.java:819)
at org.testng.TestRunner.run(TestRunner.java:619)
at org.testng.SuiteRunner.runTest(SuiteRunner.java:443)
at org.testng.SuiteRunner.runSequentially(SuiteRunner.java:437)
at org.testng.SuiteRunner.privateRun(SuiteRunner.java:397)
at org.testng.SuiteRunner.run(SuiteRunner.java:336)
at org.testng.SuiteRunnerWorker.runSuite(SuiteRunnerWorker.java:52)
at org.testng.SuiteRunnerWorker.run(SuiteRunnerWorker.java:95)
at org.testng.TestNG.runSuitesSequentially(TestNG.java:1301)
at org.testng.TestNG.runSuitesLocally(TestNG.java:1228)
at org.testng.TestNG.runSuites(TestNG.java:1134)
at org.testng.TestNG.run(TestNG.java:1101)
at org.apache.maven.surefire.testng.TestNGExecutor.run(TestNGExecutor.java:308)
at org.apache.maven.surefire.testng.TestNGXmlTestSuite.execute(TestNGXmlTestSuite.java:71)
at org.apache.maven.surefire.testng.TestNGProvider.invoke(TestNGProvider.java:113)
at org.apache.maven.surefire.booter.ForkedBooter.runSuitesInProcess(ForkedBooter.java:385)
at org.apache.maven.surefire.booter.ForkedBooter.execute(ForkedBooter.java:162)
at org.apache.maven.surefire.booter.ForkedBooter.run(ForkedBooter.java:507)
at org.apache.maven.surefire.booter.ForkedBooter.main(ForkedBooter.java:495)
]]>
            </full-stacktrace>
          </exception> <!-- java.lang.AssertionError -->
          <reporter-output>
          </reporter-output>
        </test-method> <!-- verifyLoginWithInvalidCredentials -->
        <test-method is-config="true" signature="tearDown()[pri:0, instance:seleniumJava.qa.tests.LoginTest@188715b5]" started-at="2024-02-22T11:01:34 IST" name="tearDown" finished-at="2024-02-22T11:01:34 IST" duration-ms="115" status="PASS">
          <reporter-output>
          </reporter-output>
        </test-method> <!-- tearDown -->
        <test-method signature="verifyLoginWithoutCredentials()[pri:3, instance:seleniumJava.qa.tests.LoginTest@188715b5]" started-at="2024-02-22T11:01:34 IST" name="verifyLoginWithoutCredentials" finished-at="2024-02-22T11:01:34 IST" depends-on-methods="seleniumJava.qa.tests.LoginTest.verifyLoginWithInvalidCredentials" duration-ms="1" status="SKIP">
          <exception class="java.lang.Throwable">
            <message>
              <![CDATA[Method seleniumJava.qa.tests.LoginTest.verifyLoginWithoutCredentials() on instance seleniumJava.qa.tests.LoginTest@188715b5 depends on not successfully finished methods 
[seleniumJava.qa.tests.LoginTest.verifyLoginWithInvalidCredentials() on instance seleniumJava.qa.tests.LoginTest@188715b5]]]>
            </message>
            <full-stacktrace>
              <![CDATA[java.lang.Throwable: Method seleniumJava.qa.tests.LoginTest.verifyLoginWithoutCredentials() on instance seleniumJava.qa.tests.LoginTest@188715b5 depends on not successfully finished methods 
[seleniumJava.qa.tests.LoginTest.verifyLoginWithInvalidCredentials() on instance seleniumJava.qa.tests.LoginTest@188715b5]
at org.testng.internal.invokers.TestInvoker.invokeTestMethods(TestInvoker.java:157)
at org.testng.internal.invokers.TestMethodWorker.invokeTestMethods(TestMethodWorker.java:148)
at org.testng.internal.invokers.TestMethodWorker.run(TestMethodWorker.java:128)
at java.base/java.util.ArrayList.forEach(ArrayList.java:1511)
at org.testng.TestRunner.privateRun(TestRunner.java:819)
at org.testng.TestRunner.run(TestRunner.java:619)
at org.testng.SuiteRunner.runTest(SuiteRunner.java:443)
at org.testng.SuiteRunner.runSequentially(SuiteRunner.java:437)
at org.testng.SuiteRunner.privateRun(SuiteRunner.java:397)
at org.testng.SuiteRunner.run(SuiteRunner.java:336)
at org.testng.SuiteRunnerWorker.runSuite(SuiteRunnerWorker.java:52)
at org.testng.SuiteRunnerWorker.run(SuiteRunnerWorker.java:95)
at org.testng.TestNG.runSuitesSequentially(TestNG.java:1301)
at org.testng.TestNG.runSuitesLocally(TestNG.java:1228)
at org.testng.TestNG.runSuites(TestNG.java:1134)
at org.testng.TestNG.run(TestNG.java:1101)
at org.apache.maven.surefire.testng.TestNGExecutor.run(TestNGExecutor.java:308)
at org.apache.maven.surefire.testng.TestNGXmlTestSuite.execute(TestNGXmlTestSuite.java:71)
at org.apache.maven.surefire.testng.TestNGProvider.invoke(TestNGProvider.java:113)
at org.apache.maven.surefire.booter.ForkedBooter.runSuitesInProcess(ForkedBooter.java:385)
at org.apache.maven.surefire.booter.ForkedBooter.execute(ForkedBooter.java:162)
at org.apache.maven.surefire.booter.ForkedBooter.run(ForkedBooter.java:507)
at org.apache.maven.surefire.booter.ForkedBooter.main(ForkedBooter.java:495)
]]>
            </full-stacktrace>
          </exception> <!-- java.lang.Throwable -->
          <reporter-output>
          </reporter-output>
        </test-method> <!-- verifyLoginWithoutCredentials -->
      </class> <!-- seleniumJava.qa.tests.LoginTest -->
      <class name="seleniumJava.qa.tests.ProductDetailsTest">
        <test-method is-config="true" signature="setup()[pri:0, instance:seleniumJava.qa.tests.ProductDetailsTest@323b36e0]" started-at="2024-02-22T11:01:43 IST" name="setup" finished-at="2024-02-22T11:01:50 IST" duration-ms="6881" status="PASS">
          <reporter-output>
          </reporter-output>
        </test-method> <!-- setup -->
        <test-method signature="verifyProductDetails()[pri:0, instance:seleniumJava.qa.tests.ProductDetailsTest@323b36e0]" started-at="2024-02-22T11:01:50 IST" name="verifyProductDetails" finished-at="2024-02-22T11:01:56 IST" duration-ms="6395" status="PASS">
          <reporter-output>
          </reporter-output>
        </test-method> <!-- verifyProductDetails -->
        <test-method is-config="true" signature="tearDown()[pri:0, instance:seleniumJava.qa.tests.ProductDetailsTest@323b36e0]" started-at="2024-02-22T11:01:56 IST" name="tearDown" finished-at="2024-02-22T11:01:56 IST" duration-ms="124" status="PASS">
          <reporter-output>
          </reporter-output>
        </test-method> <!-- tearDown -->
      </class> <!-- seleniumJava.qa.tests.ProductDetailsTest -->
      <class name="seleniumJava.qa.tests.ShoppingCartTest">
        <test-method is-config="true" signature="setup()[pri:0, instance:seleniumJava.qa.tests.ShoppingCartTest@44ebcd03]" started-at="2024-02-22T11:01:56 IST" name="setup" finished-at="2024-02-22T11:02:03 IST" duration-ms="6955" status="PASS">
          <reporter-output>
          </reporter-output>
        </test-method> <!-- setup -->
        <test-method signature="verifyCartDetails()[pri:0, instance:seleniumJava.qa.tests.ShoppingCartTest@44ebcd03]" started-at="2024-02-22T11:02:03 IST" name="verifyCartDetails" finished-at="2024-02-22T11:02:05 IST" duration-ms="2346" status="PASS">
          <reporter-output>
          </reporter-output>
        </test-method> <!-- verifyCartDetails -->
        <test-method is-config="true" signature="tearDown()[pri:0, instance:seleniumJava.qa.tests.ShoppingCartTest@44ebcd03]" started-at="2024-02-22T11:02:05 IST" name="tearDown" finished-at="2024-02-22T11:02:06 IST" duration-ms="121" status="PASS">
          <reporter-output>
          </reporter-output>
        </test-method> <!-- tearDown -->
      </class> <!-- seleniumJava.qa.tests.ShoppingCartTest -->
    </test> <!-- Sauce Demo Tests -->
  </suite> <!-- Selenium Java Automation Suite -->
</testng-results>
