<?xml version="1.0" encoding="UTF-8"?>
<testng-results ignored="0" total="8" passed="6" failed="1" skipped="1">
  <reporter-output>
  </reporter-output>
  <suite started-at="2024-02-21T13:59:12 IST" name="Selenium Java Automation Suite" finished-at="2024-02-21T14:00:24 IST" duration-ms="71643">
    <groups>
    </groups>
    <test started-at="2024-02-21T13:59:12 IST" name="Sauce Demo Tests" finished-at="2024-02-21T14:00:24 IST" duration-ms="71643">
      <class name="seleniumJava.qa.tests.Login">
        <test-method is-config="true" signature="setup()[pri:0, instance:seleniumJava.qa.tests.Login@128d2484]" started-at="2024-02-21T13:59:12 IST" name="setup" finished-at="2024-02-21T13:59:21 IST" duration-ms="8625" status="PASS">
          <reporter-output>
          </reporter-output>
        </test-method> <!-- setup -->
        <test-method signature="verifyLoginWithValidCredentials(java.lang.String,java.lang.String)[pri:1, instance:seleniumJava.qa.tests.Login@128d2484]" started-at="2024-02-21T13:59:21 IST" name="verifyLoginWithValidCredentials" data-provider="validCredentialsSupplier" finished-at="2024-02-21T13:59:23 IST" duration-ms="2404" status="PASS">
          <params>
            <param index="0">
              <value>
                <![CDATA[standard_user]]>
              </value>
            </param>
            <param index="1">
              <value>
                <![CDATA[secret_sauce]]>
              </value>
            </param>
          </params>
          <reporter-output>
          </reporter-output>
        </test-method> <!-- verifyLoginWithValidCredentials -->
        <test-method is-config="true" signature="tearDown()[pri:0, instance:seleniumJava.qa.tests.Login@128d2484]" started-at="2024-02-21T13:59:23 IST" name="tearDown" finished-at="2024-02-21T13:59:24 IST" duration-ms="146" status="PASS">
          <reporter-output>
          </reporter-output>
        </test-method> <!-- tearDown -->
        <test-method is-config="true" signature="setup()[pri:0, instance:seleniumJava.qa.tests.Login@128d2484]" started-at="2024-02-21T13:59:24 IST" name="setup" finished-at="2024-02-21T13:59:30 IST" duration-ms="6815" status="PASS">
          <reporter-output>
          </reporter-output>
        </test-method> <!-- setup -->
        <test-method signature="verifyLoginWithValidCredentials(java.lang.String,java.lang.String)[pri:1, instance:seleniumJava.qa.tests.Login@128d2484]" started-at="2024-02-21T13:59:30 IST" name="verifyLoginWithValidCredentials" data-provider="validCredentialsSupplier" finished-at="2024-02-21T13:59:33 IST" duration-ms="2278" status="PASS">
          <params>
            <param index="0">
              <value>
                <![CDATA[visual_user]]>
              </value>
            </param>
            <param index="1">
              <value>
                <![CDATA[secret_sauce]]>
              </value>
            </param>
          </params>
          <reporter-output>
          </reporter-output>
        </test-method> <!-- verifyLoginWithValidCredentials -->
        <test-method is-config="true" signature="tearDown()[pri:0, instance:seleniumJava.qa.tests.Login@128d2484]" started-at="2024-02-21T13:59:33 IST" name="tearDown" finished-at="2024-02-21T13:59:33 IST" duration-ms="143" status="PASS">
          <reporter-output>
          </reporter-output>
        </test-method> <!-- tearDown -->
        <test-method is-config="true" signature="setup()[pri:0, instance:seleniumJava.qa.tests.Login@128d2484]" started-at="2024-02-21T13:59:33 IST" name="setup" finished-at="2024-02-21T13:59:40 IST" duration-ms="6815" status="PASS">
          <reporter-output>
          </reporter-output>
        </test-method> <!-- setup -->
        <test-method signature="verifyLoginWithValidCredentials(java.lang.String,java.lang.String)[pri:1, instance:seleniumJava.qa.tests.Login@128d2484]" started-at="2024-02-21T13:59:40 IST" name="verifyLoginWithValidCredentials" data-provider="validCredentialsSupplier" finished-at="2024-02-21T13:59:42 IST" duration-ms="2256" status="PASS">
          <params>
            <param index="0">
              <value>
                <![CDATA[problem_user]]>
              </value>
            </param>
            <param index="1">
              <value>
                <![CDATA[secret_sauce]]>
              </value>
            </param>
          </params>
          <reporter-output>
          </reporter-output>
        </test-method> <!-- verifyLoginWithValidCredentials -->
        <test-method is-config="true" signature="tearDown()[pri:0, instance:seleniumJava.qa.tests.Login@128d2484]" started-at="2024-02-21T13:59:42 IST" name="tearDown" finished-at="2024-02-21T13:59:42 IST" duration-ms="115" status="PASS">
          <reporter-output>
          </reporter-output>
        </test-method> <!-- tearDown -->
        <test-method is-config="true" signature="setup()[pri:0, instance:seleniumJava.qa.tests.Login@128d2484]" started-at="2024-02-21T13:59:42 IST" name="setup" finished-at="2024-02-21T13:59:49 IST" duration-ms="6865" status="PASS">
          <reporter-output>
          </reporter-output>
        </test-method> <!-- setup -->
        <test-method signature="verifyLoginWithInvalidCredentials()[pri:2, instance:seleniumJava.qa.tests.Login@128d2484]" started-at="2024-02-21T13:59:49 IST" name="verifyLoginWithInvalidCredentials" finished-at="2024-02-21T13:59:51 IST" duration-ms="2224" status="FAIL">
          <exception class="java.lang.AssertionError">
            <message>
              <![CDATA[FAILED: Invalid login error text is not matching!! expected [123Epic sadface: Username and password do not match any user in this service] but found [Epic sadface: Username and password do not match any user in this service]]]>
            </message>
            <full-stacktrace>
              <![CDATA[java.lang.AssertionError: FAILED: Invalid login error text is not matching!! expected [123Epic sadface: Username and password do not match any user in this service] but found [Epic sadface: Username and password do not match any user in this service]
at org.testng.Assert.fail(Assert.java:111)
at org.testng.Assert.failNotEquals(Assert.java:1578)
at org.testng.Assert.assertEqualsImpl(Assert.java:150)
at org.testng.Assert.assertEquals(Assert.java:132)
at org.testng.Assert.assertEquals(Assert.java:656)
at seleniumJava.qa.tests.Login.verifyLoginWithInvalidCredentials(Login.java:62)
at java.base/jdk.internal.reflect.NativeMethodAccessorImpl.invoke0(Native Method)
at java.base/jdk.internal.reflect.NativeMethodAccessorImpl.invoke(NativeMethodAccessorImpl.java:77)
at java.base/jdk.internal.reflect.DelegatingMethodAccessorImpl.invoke(DelegatingMethodAccessorImpl.java:43)
at java.base/java.lang.reflect.Method.invoke(Method.java:568)
at org.testng.internal.invokers.MethodInvocationHelper.invokeMethod(MethodInvocationHelper.java:139)
at org.testng.internal.invokers.TestInvoker.invokeMethod(TestInvoker.java:664)
at org.testng.internal.invokers.TestInvoker.invokeTestMethod(TestInvoker.java:228)
at org.testng.internal.invokers.MethodRunner.runInSequence(MethodRunner.java:63)
at org.testng.internal.invokers.TestInvoker$MethodInvocationAgent.invoke(TestInvoker.java:961)
at org.testng.internal.invokers.TestInvoker.invokeTestMethods(TestInvoker.java:201)
at org.testng.internal.invokers.TestMethodWorker.invokeTestMethods(TestMethodWorker.java:148)
at org.testng.internal.invokers.TestMethodWorker.run(TestMethodWorker.java:128)
at java.base/java.util.ArrayList.forEach(ArrayList.java:1511)
at org.testng.TestRunner.privateRun(TestRunner.java:819)
at org.testng.TestRunner.run(TestRunner.java:619)
at org.testng.SuiteRunner.runTest(SuiteRunner.java:443)
at org.testng.SuiteRunner.runSequentially(SuiteRunner.java:437)
at org.testng.SuiteRunner.privateRun(SuiteRunner.java:397)
at org.testng.SuiteRunner.run(SuiteRunner.java:336)
at org.testng.SuiteRunnerWorker.runSuite(SuiteRunnerWorker.java:52)
at org.testng.SuiteRunnerWorker.run(SuiteRunnerWorker.java:95)
at org.testng.TestNG.runSuitesSequentially(TestNG.java:1301)
at org.testng.TestNG.runSuitesLocally(TestNG.java:1228)
at org.testng.TestNG.runSuites(TestNG.java:1134)
at org.testng.TestNG.run(TestNG.java:1101)
at org.testng.remote.AbstractRemoteTestNG.run(AbstractRemoteTestNG.java:115)
at org.testng.remote.RemoteTestNG.initAndRun(RemoteTestNG.java:251)
at org.testng.remote.RemoteTestNG.main(RemoteTestNG.java:77)
]]>
            </full-stacktrace>
          </exception> <!-- java.lang.AssertionError -->
          <reporter-output>
          </reporter-output>
        </test-method> <!-- verifyLoginWithInvalidCredentials -->
        <test-method is-config="true" signature="tearDown()[pri:0, instance:seleniumJava.qa.tests.Login@128d2484]" started-at="2024-02-21T13:59:51 IST" name="tearDown" finished-at="2024-02-21T13:59:51 IST" duration-ms="129" status="PASS">
          <reporter-output>
          </reporter-output>
        </test-method> <!-- tearDown -->
        <test-method signature="verifyLoginWithoutCredentials()[pri:3, instance:seleniumJava.qa.tests.Login@128d2484]" started-at="2024-02-21T13:59:51 IST" name="verifyLoginWithoutCredentials" finished-at="2024-02-21T13:59:51 IST" depends-on-methods="seleniumJava.qa.tests.Login.verifyLoginWithInvalidCredentials" duration-ms="0" status="SKIP">
          <exception class="java.lang.Throwable">
            <message>
              <![CDATA[Method seleniumJava.qa.tests.Login.verifyLoginWithoutCredentials() on instance seleniumJava.qa.tests.Login@128d2484 depends on not successfully finished methods 
[seleniumJava.qa.tests.Login.verifyLoginWithInvalidCredentials() on instance seleniumJava.qa.tests.Login@128d2484]]]>
            </message>
            <full-stacktrace>
              <![CDATA[java.lang.Throwable: Method seleniumJava.qa.tests.Login.verifyLoginWithoutCredentials() on instance seleniumJava.qa.tests.Login@128d2484 depends on not successfully finished methods 
[seleniumJava.qa.tests.Login.verifyLoginWithInvalidCredentials() on instance seleniumJava.qa.tests.Login@128d2484]
at org.testng.internal.invokers.TestInvoker.invokeTestMethods(TestInvoker.java:157)
at org.testng.internal.invokers.TestMethodWorker.invokeTestMethods(TestMethodWorker.java:148)
at org.testng.internal.invokers.TestMethodWorker.run(TestMethodWorker.java:128)
at java.base/java.util.ArrayList.forEach(ArrayList.java:1511)
at org.testng.TestRunner.privateRun(TestRunner.java:819)
at org.testng.TestRunner.run(TestRunner.java:619)
at org.testng.SuiteRunner.runTest(SuiteRunner.java:443)
at org.testng.SuiteRunner.runSequentially(SuiteRunner.java:437)
at org.testng.SuiteRunner.privateRun(SuiteRunner.java:397)
at org.testng.SuiteRunner.run(SuiteRunner.java:336)
at org.testng.SuiteRunnerWorker.runSuite(SuiteRunnerWorker.java:52)
at org.testng.SuiteRunnerWorker.run(SuiteRunnerWorker.java:95)
at org.testng.TestNG.runSuitesSequentially(TestNG.java:1301)
at org.testng.TestNG.runSuitesLocally(TestNG.java:1228)
at org.testng.TestNG.runSuites(TestNG.java:1134)
at org.testng.TestNG.run(TestNG.java:1101)
at org.testng.remote.AbstractRemoteTestNG.run(AbstractRemoteTestNG.java:115)
at org.testng.remote.RemoteTestNG.initAndRun(RemoteTestNG.java:251)
at org.testng.remote.RemoteTestNG.main(RemoteTestNG.java:77)
]]>
            </full-stacktrace>
          </exception> <!-- java.lang.Throwable -->
          <reporter-output>
          </reporter-output>
        </test-method> <!-- verifyLoginWithoutCredentials -->
      </class> <!-- seleniumJava.qa.tests.Login -->
      <class name="seleniumJava.qa.tests.Inventory">
        <test-method is-config="true" signature="setup()[pri:0, instance:seleniumJava.qa.tests.Inventory@557caf28]" started-at="2024-02-21T13:59:51 IST" name="setup" finished-at="2024-02-21T13:59:58 IST" duration-ms="6797" status="PASS">
          <reporter-output>
          </reporter-output>
        </test-method> <!-- setup -->
        <test-method signature="verifyInventoryDetails()[pri:0, instance:seleniumJava.qa.tests.Inventory@557caf28]" started-at="2024-02-21T13:59:58 IST" name="verifyInventoryDetails" finished-at="2024-02-21T14:00:01 IST" duration-ms="2299" status="PASS">
          <reporter-output>
          </reporter-output>
        </test-method> <!-- verifyInventoryDetails -->
        <test-method is-config="true" signature="tearDown()[pri:0, instance:seleniumJava.qa.tests.Inventory@557caf28]" started-at="2024-02-21T14:00:01 IST" name="tearDown" finished-at="2024-02-21T14:00:01 IST" duration-ms="141" status="PASS">
          <reporter-output>
          </reporter-output>
        </test-method> <!-- tearDown -->
      </class> <!-- seleniumJava.qa.tests.Inventory -->
      <class name="seleniumJava.qa.tests.ShoppingCart">
        <test-method is-config="true" signature="setup()[pri:0, instance:seleniumJava.qa.tests.ShoppingCart@6c6cb480]" started-at="2024-02-21T14:00:14 IST" name="setup" finished-at="2024-02-21T14:00:21 IST" duration-ms="6924" status="PASS">
          <reporter-output>
          </reporter-output>
        </test-method> <!-- setup -->
        <test-method signature="verifyCartDetails()[pri:0, instance:seleniumJava.qa.tests.ShoppingCart@6c6cb480]" started-at="2024-02-21T14:00:21 IST" name="verifyCartDetails" finished-at="2024-02-21T14:00:23 IST" duration-ms="2419" status="PASS">
          <reporter-output>
          </reporter-output>
        </test-method> <!-- verifyCartDetails -->
        <test-method is-config="true" signature="tearDown()[pri:0, instance:seleniumJava.qa.tests.ShoppingCart@6c6cb480]" started-at="2024-02-21T14:00:23 IST" name="tearDown" finished-at="2024-02-21T14:00:24 IST" duration-ms="122" status="PASS">
          <reporter-output>
          </reporter-output>
        </test-method> <!-- tearDown -->
      </class> <!-- seleniumJava.qa.tests.ShoppingCart -->
      <class name="seleniumJava.qa.tests.ProductDetails">
        <test-method is-config="true" signature="setup()[pri:0, instance:seleniumJava.qa.tests.ProductDetails@408d971b]" started-at="2024-02-21T14:00:01 IST" name="setup" finished-at="2024-02-21T14:00:07 IST" duration-ms="6776" status="PASS">
          <reporter-output>
          </reporter-output>
        </test-method> <!-- setup -->
        <test-method signature="verifyProductDetails()[pri:0, instance:seleniumJava.qa.tests.ProductDetails@408d971b]" started-at="2024-02-21T14:00:07 IST" name="verifyProductDetails" finished-at="2024-02-21T14:00:14 IST" duration-ms="6500" status="PASS">
          <reporter-output>
          </reporter-output>
        </test-method> <!-- verifyProductDetails -->
        <test-method is-config="true" signature="tearDown()[pri:0, instance:seleniumJava.qa.tests.ProductDetails@408d971b]" started-at="2024-02-21T14:00:14 IST" name="tearDown" finished-at="2024-02-21T14:00:14 IST" duration-ms="144" status="PASS">
          <reporter-output>
          </reporter-output>
        </test-method> <!-- tearDown -->
      </class> <!-- seleniumJava.qa.tests.ProductDetails -->
    </test> <!-- Sauce Demo Tests -->
  </suite> <!-- Selenium Java Automation Suite -->
</testng-results>
